<?xml version="1.0" encoding="UTF-8"?>
<testsuite xmlns:xsi="http://www.w3.org/2001/XMLSchema-instance" xsi:noNamespaceSchemaLocation="https://maven.apache.org/surefire/maven-surefire-plugin/xsd/surefire-test-report.xsd" name="com.itheima.UploadFileTest" time="0.042" tests="1" errors="0" skipped="0" failures="0">
  <properties>
    <property name="sun.desktop" value="windows"/>
    <property name="awt.toolkit" value="sun.awt.windows.WToolkit"/>
    <property name="file.encoding.pkg" value="sun.io"/>
    <property name="java.specification.version" value="1.8"/>
    <property name="sun.cpu.isalist" value="amd64"/>
    <property name="sun.jnu.encoding" value="GBK"/>
    <property name="java.class.path" value="D:\workspace\reggie_take_out\target\test-classes;D:\workspace\reggie_take_out\target\classes;D:\apache-maven-3.6.1\mvn_resp\org\springframework\boot\spring-boot-starter-thymeleaf\2.4.5\spring-boot-starter-thymeleaf-2.4.5.jar;D:\apache-maven-3.6.1\mvn_resp\org\thymeleaf\thymeleaf-spring5\3.0.12.RELEASE\thymeleaf-spring5-3.0.12.RELEASE.jar;D:\apache-maven-3.6.1\mvn_resp\org\thymeleaf\thymeleaf\3.0.12.RELEASE\thymeleaf-3.0.12.RELEASE.jar;D:\apache-maven-3.6.1\mvn_resp\org\attoparser\attoparser\2.0.5.RELEASE\attoparser-2.0.5.RELEASE.jar;D:\apache-maven-3.6.1\mvn_resp\org\unbescape\unbescape\1.1.6.RELEASE\unbescape-1.1.6.RELEASE.jar;D:\apache-maven-3.6.1\mvn_resp\org\thymeleaf\extras\thymeleaf-extras-java8time\3.0.4.RELEASE\thymeleaf-extras-java8time-3.0.4.RELEASE.jar;D:\apache-maven-3.6.1\mvn_resp\org\springframework\boot\spring-boot-starter-data-redis\2.4.5\spring-boot-starter-data-redis-2.4.5.jar;D:\apache-maven-3.6.1\mvn_resp\org\springframework\data\spring-data-redis\2.4.8\spring-data-redis-2.4.8.jar;D:\apache-maven-3.6.1\mvn_resp\org\springframework\data\spring-data-keyvalue\2.4.8\spring-data-keyvalue-2.4.8.jar;D:\apache-maven-3.6.1\mvn_resp\org\springframework\data\spring-data-commons\2.4.8\spring-data-commons-2.4.8.jar;D:\apache-maven-3.6.1\mvn_resp\org\springframework\spring-tx\5.3.6\spring-tx-5.3.6.jar;D:\apache-maven-3.6.1\mvn_resp\org\springframework\spring-oxm\5.3.6\spring-oxm-5.3.6.jar;D:\apache-maven-3.6.1\mvn_resp\org\springframework\spring-aop\5.3.6\spring-aop-5.3.6.jar;D:\apache-maven-3.6.1\mvn_resp\io\lettuce\lettuce-core\6.0.4.RELEASE\lettuce-core-6.0.4.RELEASE.jar;D:\apache-maven-3.6.1\mvn_resp\io\netty\netty-common\4.1.63.Final\netty-common-4.1.63.Final.jar;D:\apache-maven-3.6.1\mvn_resp\io\netty\netty-handler\4.1.63.Final\netty-handler-4.1.63.Final.jar;D:\apache-maven-3.6.1\mvn_resp\io\netty\netty-resolver\4.1.63.Final\netty-resolver-4.1.63.Final.jar;D:\apache-maven-3.6.1\mvn_resp\io\netty\netty-buffer\4.1.63.Final\netty-buffer-4.1.63.Final.jar;D:\apache-maven-3.6.1\mvn_resp\io\netty\netty-codec\4.1.63.Final\netty-codec-4.1.63.Final.jar;D:\apache-maven-3.6.1\mvn_resp\io\netty\netty-transport\4.1.63.Final\netty-transport-4.1.63.Final.jar;D:\apache-maven-3.6.1\mvn_resp\io\projectreactor\reactor-core\3.4.5\reactor-core-3.4.5.jar;D:\apache-maven-3.6.1\mvn_resp\org\reactivestreams\reactive-streams\1.0.3\reactive-streams-1.0.3.jar;D:\apache-maven-3.6.1\mvn_resp\org\springframework\boot\spring-boot-starter-cache\2.4.5\spring-boot-starter-cache-2.4.5.jar;D:\apache-maven-3.6.1\mvn_resp\org\springframework\spring-context-support\5.3.6\spring-context-support-5.3.6.jar;D:\apache-maven-3.6.1\mvn_resp\org\springframework\spring-beans\5.3.6\spring-beans-5.3.6.jar;D:\apache-maven-3.6.1\mvn_resp\org\springframework\spring-context\5.3.6\spring-context-5.3.6.jar;D:\apache-maven-3.6.1\mvn_resp\org\springframework\boot\spring-boot-starter-mail\2.2.6.RELEASE\spring-boot-starter-mail-2.2.6.RELEASE.jar;D:\apache-maven-3.6.1\mvn_resp\com\sun\mail\jakarta.mail\1.6.7\jakarta.mail-1.6.7.jar;D:\apache-maven-3.6.1\mvn_resp\com\sun\activation\jakarta.activation\1.2.2\jakarta.activation-1.2.2.jar;D:\apache-maven-3.6.1\mvn_resp\org\springframework\boot\spring-boot-starter\2.4.5\spring-boot-starter-2.4.5.jar;D:\apache-maven-3.6.1\mvn_resp\org\springframework\boot\spring-boot\2.4.5\spring-boot-2.4.5.jar;D:\apache-maven-3.6.1\mvn_resp\org\springframework\boot\spring-boot-autoconfigure\2.4.5\spring-boot-autoconfigure-2.4.5.jar;D:\apache-maven-3.6.1\mvn_resp\org\springframework\boot\spring-boot-starter-logging\2.4.5\spring-boot-starter-logging-2.4.5.jar;D:\apache-maven-3.6.1\mvn_resp\ch\qos\logback\logback-classic\1.2.3\logback-classic-1.2.3.jar;D:\apache-maven-3.6.1\mvn_resp\ch\qos\logback\logback-core\1.2.3\logback-core-1.2.3.jar;D:\apache-maven-3.6.1\mvn_resp\org\apache\logging\log4j\log4j-to-slf4j\2.13.3\log4j-to-slf4j-2.13.3.jar;D:\apache-maven-3.6.1\mvn_resp\org\apache\logging\log4j\log4j-api\2.13.3\log4j-api-2.13.3.jar;D:\apache-maven-3.6.1\mvn_resp\org\slf4j\jul-to-slf4j\1.7.30\jul-to-slf4j-1.7.30.jar;D:\apache-maven-3.6.1\mvn_resp\jakarta\annotation\jakarta.annotation-api\1.3.5\jakarta.annotation-api-1.3.5.jar;D:\apache-maven-3.6.1\mvn_resp\org\springframework\spring-core\5.3.6\spring-core-5.3.6.jar;D:\apache-maven-3.6.1\mvn_resp\org\springframework\spring-jcl\5.3.6\spring-jcl-5.3.6.jar;D:\apache-maven-3.6.1\mvn_resp\org\yaml\snakeyaml\1.27\snakeyaml-1.27.jar;D:\apache-maven-3.6.1\mvn_resp\org\springframework\boot\spring-boot-starter-test\2.4.5\spring-boot-starter-test-2.4.5.jar;D:\apache-maven-3.6.1\mvn_resp\org\springframework\boot\spring-boot-test\2.4.5\spring-boot-test-2.4.5.jar;D:\apache-maven-3.6.1\mvn_resp\org\springframework\boot\spring-boot-test-autoconfigure\2.4.5\spring-boot-test-autoconfigure-2.4.5.jar;D:\apache-maven-3.6.1\mvn_resp\com\jayway\jsonpath\json-path\2.4.0\json-path-2.4.0.jar;D:\apache-maven-3.6.1\mvn_resp\net\minidev\json-smart\2.3\json-smart-2.3.jar;D:\apache-maven-3.6.1\mvn_resp\net\minidev\accessors-smart\1.2\accessors-smart-1.2.jar;D:\apache-maven-3.6.1\mvn_resp\org\ow2\asm\asm\5.0.4\asm-5.0.4.jar;D:\apache-maven-3.6.1\mvn_resp\jakarta\xml\bind\jakarta.xml.bind-api\2.3.3\jakarta.xml.bind-api-2.3.3.jar;D:\apache-maven-3.6.1\mvn_resp\jakarta\activation\jakarta.activation-api\1.2.2\jakarta.activation-api-1.2.2.jar;D:\apache-maven-3.6.1\mvn_resp\org\assertj\assertj-core\3.18.1\assertj-core-3.18.1.jar;D:\apache-maven-3.6.1\mvn_resp\org\hamcrest\hamcrest\2.2\hamcrest-2.2.jar;D:\apache-maven-3.6.1\mvn_resp\org\junit\jupiter\junit-jupiter\5.7.1\junit-jupiter-5.7.1.jar;D:\apache-maven-3.6.1\mvn_resp\org\junit\jupiter\junit-jupiter-api\5.7.1\junit-jupiter-api-5.7.1.jar;D:\apache-maven-3.6.1\mvn_resp\org\apiguardian\apiguardian-api\1.1.0\apiguardian-api-1.1.0.jar;D:\apache-maven-3.6.1\mvn_resp\org\opentest4j\opentest4j\1.2.0\opentest4j-1.2.0.jar;D:\apache-maven-3.6.1\mvn_resp\org\junit\platform\junit-platform-commons\1.7.1\junit-platform-commons-1.7.1.jar;D:\apache-maven-3.6.1\mvn_resp\org\junit\jupiter\junit-jupiter-params\5.7.1\junit-jupiter-params-5.7.1.jar;D:\apache-maven-3.6.1\mvn_resp\org\junit\jupiter\junit-jupiter-engine\5.7.1\junit-jupiter-engine-5.7.1.jar;D:\apache-maven-3.6.1\mvn_resp\org\junit\platform\junit-platform-engine\1.7.1\junit-platform-engine-1.7.1.jar;D:\apache-maven-3.6.1\mvn_resp\org\mockito\mockito-core\3.6.28\mockito-core-3.6.28.jar;D:\apache-maven-3.6.1\mvn_resp\net\bytebuddy\byte-buddy\1.10.22\byte-buddy-1.10.22.jar;D:\apache-maven-3.6.1\mvn_resp\net\bytebuddy\byte-buddy-agent\1.10.22\byte-buddy-agent-1.10.22.jar;D:\apache-maven-3.6.1\mvn_resp\org\objenesis\objenesis\3.1\objenesis-3.1.jar;D:\apache-maven-3.6.1\mvn_resp\org\mockito\mockito-junit-jupiter\3.6.28\mockito-junit-jupiter-3.6.28.jar;D:\apache-maven-3.6.1\mvn_resp\org\skyscreamer\jsonassert\1.5.0\jsonassert-1.5.0.jar;D:\apache-maven-3.6.1\mvn_resp\com\vaadin\external\google\android-json\0.0.20131108.vaadin1\android-json-0.0.20131108.vaadin1.jar;D:\apache-maven-3.6.1\mvn_resp\org\springframework\spring-test\5.3.6\spring-test-5.3.6.jar;D:\apache-maven-3.6.1\mvn_resp\org\xmlunit\xmlunit-core\2.7.0\xmlunit-core-2.7.0.jar;D:\apache-maven-3.6.1\mvn_resp\org\springframework\boot\spring-boot-starter-web\2.4.5\spring-boot-starter-web-2.4.5.jar;D:\apache-maven-3.6.1\mvn_resp\org\springframework\boot\spring-boot-starter-json\2.4.5\spring-boot-starter-json-2.4.5.jar;D:\apache-maven-3.6.1\mvn_resp\com\fasterxml\jackson\core\jackson-databind\2.11.4\jackson-databind-2.11.4.jar;D:\apache-maven-3.6.1\mvn_resp\com\fasterxml\jackson\core\jackson-annotations\2.11.4\jackson-annotations-2.11.4.jar;D:\apache-maven-3.6.1\mvn_resp\com\fasterxml\jackson\core\jackson-core\2.11.4\jackson-core-2.11.4.jar;D:\apache-maven-3.6.1\mvn_resp\com\fasterxml\jackson\datatype\jackson-datatype-jdk8\2.11.4\jackson-datatype-jdk8-2.11.4.jar;D:\apache-maven-3.6.1\mvn_resp\com\fasterxml\jackson\datatype\jackson-datatype-jsr310\2.11.4\jackson-datatype-jsr310-2.11.4.jar;D:\apache-maven-3.6.1\mvn_resp\com\fasterxml\jackson\module\jackson-module-parameter-names\2.11.4\jackson-module-parameter-names-2.11.4.jar;D:\apache-maven-3.6.1\mvn_resp\org\springframework\boot\spring-boot-starter-tomcat\2.4.5\spring-boot-starter-tomcat-2.4.5.jar;D:\apache-maven-3.6.1\mvn_resp\org\apache\tomcat\embed\tomcat-embed-core\9.0.45\tomcat-embed-core-9.0.45.jar;D:\apache-maven-3.6.1\mvn_resp\org\glassfish\jakarta.el\3.0.3\jakarta.el-3.0.3.jar;D:\apache-maven-3.6.1\mvn_resp\org\apache\tomcat\embed\tomcat-embed-websocket\9.0.45\tomcat-embed-websocket-9.0.45.jar;D:\apache-maven-3.6.1\mvn_resp\org\springframework\spring-web\5.3.6\spring-web-5.3.6.jar;D:\apache-maven-3.6.1\mvn_resp\org\springframework\spring-webmvc\5.3.6\spring-webmvc-5.3.6.jar;D:\apache-maven-3.6.1\mvn_resp\org\springframework\spring-expression\5.3.6\spring-expression-5.3.6.jar;D:\apache-maven-3.6.1\mvn_resp\com\baomidou\mybatis-plus-boot-starter\3.4.2\mybatis-plus-boot-starter-3.4.2.jar;D:\apache-maven-3.6.1\mvn_resp\com\baomidou\mybatis-plus\3.4.2\mybatis-plus-3.4.2.jar;D:\apache-maven-3.6.1\mvn_resp\com\baomidou\mybatis-plus-extension\3.4.2\mybatis-plus-extension-3.4.2.jar;D:\apache-maven-3.6.1\mvn_resp\com\baomidou\mybatis-plus-core\3.4.2\mybatis-plus-core-3.4.2.jar;D:\apache-maven-3.6.1\mvn_resp\com\baomidou\mybatis-plus-annotation\3.4.2\mybatis-plus-annotation-3.4.2.jar;D:\apache-maven-3.6.1\mvn_resp\com\github\jsqlparser\jsqlparser\4.0\jsqlparser-4.0.jar;D:\apache-maven-3.6.1\mvn_resp\org\mybatis\mybatis\3.5.6\mybatis-3.5.6.jar;D:\apache-maven-3.6.1\mvn_resp\org\mybatis\mybatis-spring\2.0.5\mybatis-spring-2.0.5.jar;D:\apache-maven-3.6.1\mvn_resp\org\springframework\boot\spring-boot-starter-jdbc\2.4.5\spring-boot-starter-jdbc-2.4.5.jar;D:\apache-maven-3.6.1\mvn_resp\com\zaxxer\HikariCP\3.4.5\HikariCP-3.4.5.jar;D:\apache-maven-3.6.1\mvn_resp\org\springframework\spring-jdbc\5.3.6\spring-jdbc-5.3.6.jar;D:\apache-maven-3.6.1\mvn_resp\org\projectlombok\lombok\1.18.20\lombok-1.18.20.jar;D:\apache-maven-3.6.1\mvn_resp\com\alibaba\fastjson\1.2.76\fastjson-1.2.76.jar;D:\apache-maven-3.6.1\mvn_resp\commons-lang\commons-lang\2.6\commons-lang-2.6.jar;D:\apache-maven-3.6.1\mvn_resp\mysql\mysql-connector-java\8.0.23\mysql-connector-java-8.0.23.jar;D:\apache-maven-3.6.1\mvn_resp\com\alibaba\druid-spring-boot-starter\1.1.23\druid-spring-boot-starter-1.1.23.jar;D:\apache-maven-3.6.1\mvn_resp\com\alibaba\druid\1.1.23\druid-1.1.23.jar;D:\apache-maven-3.6.1\mvn_resp\org\slf4j\slf4j-api\1.7.30\slf4j-api-1.7.30.jar;"/>
    <property name="java.vm.vendor" value="Oracle Corporation"/>
    <property name="sun.arch.data.model" value="64"/>
    <property name="user.variant" value=""/>
    <property name="java.vendor.url" value="http://java.oracle.com/"/>
    <property name="user.timezone" value="GMT+08:00"/>
    <property name="java.vm.specification.version" value="1.8"/>
    <property name="os.name" value="Windows 10"/>
    <property name="user.country" value="CN"/>
    <property name="sun.java.launcher" value="SUN_STANDARD"/>
    <property name="sun.boot.library.path" value="C:\Program Files\Java\jdk1.8.0_321\jre\bin"/>
    <property name="sun.java.command" value="C:\Users\hp\AppData\Local\Temp\surefire7425590200501141749\surefirebooter3425821425749898581.jar C:\Users\hp\AppData\Local\Temp\surefire7425590200501141749 2022-07-17T18-06-42_270-jvmRun1 surefire489275971470479763tmp surefire_0372122225853140467tmp"/>
    <property name="surefire.test.class.path" value="D:\workspace\reggie_take_out\target\test-classes;D:\workspace\reggie_take_out\target\classes;D:\apache-maven-3.6.1\mvn_resp\org\springframework\boot\spring-boot-starter-thymeleaf\2.4.5\spring-boot-starter-thymeleaf-2.4.5.jar;D:\apache-maven-3.6.1\mvn_resp\org\thymeleaf\thymeleaf-spring5\3.0.12.RELEASE\thymeleaf-spring5-3.0.12.RELEASE.jar;D:\apache-maven-3.6.1\mvn_resp\org\thymeleaf\thymeleaf\3.0.12.RELEASE\thymeleaf-3.0.12.RELEASE.jar;D:\apache-maven-3.6.1\mvn_resp\org\attoparser\attoparser\2.0.5.RELEASE\attoparser-2.0.5.RELEASE.jar;D:\apache-maven-3.6.1\mvn_resp\org\unbescape\unbescape\1.1.6.RELEASE\unbescape-1.1.6.RELEASE.jar;D:\apache-maven-3.6.1\mvn_resp\org\thymeleaf\extras\thymeleaf-extras-java8time\3.0.4.RELEASE\thymeleaf-extras-java8time-3.0.4.RELEASE.jar;D:\apache-maven-3.6.1\mvn_resp\org\springframework\boot\spring-boot-starter-data-redis\2.4.5\spring-boot-starter-data-redis-2.4.5.jar;D:\apache-maven-3.6.1\mvn_resp\org\springframework\data\spring-data-redis\2.4.8\spring-data-redis-2.4.8.jar;D:\apache-maven-3.6.1\mvn_resp\org\springframework\data\spring-data-keyvalue\2.4.8\spring-data-keyvalue-2.4.8.jar;D:\apache-maven-3.6.1\mvn_resp\org\springframework\data\spring-data-commons\2.4.8\spring-data-commons-2.4.8.jar;D:\apache-maven-3.6.1\mvn_resp\org\springframework\spring-tx\5.3.6\spring-tx-5.3.6.jar;D:\apache-maven-3.6.1\mvn_resp\org\springframework\spring-oxm\5.3.6\spring-oxm-5.3.6.jar;D:\apache-maven-3.6.1\mvn_resp\org\springframework\spring-aop\5.3.6\spring-aop-5.3.6.jar;D:\apache-maven-3.6.1\mvn_resp\io\lettuce\lettuce-core\6.0.4.RELEASE\lettuce-core-6.0.4.RELEASE.jar;D:\apache-maven-3.6.1\mvn_resp\io\netty\netty-common\4.1.63.Final\netty-common-4.1.63.Final.jar;D:\apache-maven-3.6.1\mvn_resp\io\netty\netty-handler\4.1.63.Final\netty-handler-4.1.63.Final.jar;D:\apache-maven-3.6.1\mvn_resp\io\netty\netty-resolver\4.1.63.Final\netty-resolver-4.1.63.Final.jar;D:\apache-maven-3.6.1\mvn_resp\io\netty\netty-buffer\4.1.63.Final\netty-buffer-4.1.63.Final.jar;D:\apache-maven-3.6.1\mvn_resp\io\netty\netty-codec\4.1.63.Final\netty-codec-4.1.63.Final.jar;D:\apache-maven-3.6.1\mvn_resp\io\netty\netty-transport\4.1.63.Final\netty-transport-4.1.63.Final.jar;D:\apache-maven-3.6.1\mvn_resp\io\projectreactor\reactor-core\3.4.5\reactor-core-3.4.5.jar;D:\apache-maven-3.6.1\mvn_resp\org\reactivestreams\reactive-streams\1.0.3\reactive-streams-1.0.3.jar;D:\apache-maven-3.6.1\mvn_resp\org\springframework\boot\spring-boot-starter-cache\2.4.5\spring-boot-starter-cache-2.4.5.jar;D:\apache-maven-3.6.1\mvn_resp\org\springframework\spring-context-support\5.3.6\spring-context-support-5.3.6.jar;D:\apache-maven-3.6.1\mvn_resp\org\springframework\spring-beans\5.3.6\spring-beans-5.3.6.jar;D:\apache-maven-3.6.1\mvn_resp\org\springframework\spring-context\5.3.6\spring-context-5.3.6.jar;D:\apache-maven-3.6.1\mvn_resp\org\springframework\boot\spring-boot-starter-mail\2.2.6.RELEASE\spring-boot-starter-mail-2.2.6.RELEASE.jar;D:\apache-maven-3.6.1\mvn_resp\com\sun\mail\jakarta.mail\1.6.7\jakarta.mail-1.6.7.jar;D:\apache-maven-3.6.1\mvn_resp\com\sun\activation\jakarta.activation\1.2.2\jakarta.activation-1.2.2.jar;D:\apache-maven-3.6.1\mvn_resp\org\springframework\boot\spring-boot-starter\2.4.5\spring-boot-starter-2.4.5.jar;D:\apache-maven-3.6.1\mvn_resp\org\springframework\boot\spring-boot\2.4.5\spring-boot-2.4.5.jar;D:\apache-maven-3.6.1\mvn_resp\org\springframework\boot\spring-boot-autoconfigure\2.4.5\spring-boot-autoconfigure-2.4.5.jar;D:\apache-maven-3.6.1\mvn_resp\org\springframework\boot\spring-boot-starter-logging\2.4.5\spring-boot-starter-logging-2.4.5.jar;D:\apache-maven-3.6.1\mvn_resp\ch\qos\logback\logback-classic\1.2.3\logback-classic-1.2.3.jar;D:\apache-maven-3.6.1\mvn_resp\ch\qos\logback\logback-core\1.2.3\logback-core-1.2.3.jar;D:\apache-maven-3.6.1\mvn_resp\org\apache\logging\log4j\log4j-to-slf4j\2.13.3\log4j-to-slf4j-2.13.3.jar;D:\apache-maven-3.6.1\mvn_resp\org\apache\logging\log4j\log4j-api\2.13.3\log4j-api-2.13.3.jar;D:\apache-maven-3.6.1\mvn_resp\org\slf4j\jul-to-slf4j\1.7.30\jul-to-slf4j-1.7.30.jar;D:\apache-maven-3.6.1\mvn_resp\jakarta\annotation\jakarta.annotation-api\1.3.5\jakarta.annotation-api-1.3.5.jar;D:\apache-maven-3.6.1\mvn_resp\org\springframework\spring-core\5.3.6\spring-core-5.3.6.jar;D:\apache-maven-3.6.1\mvn_resp\org\springframework\spring-jcl\5.3.6\spring-jcl-5.3.6.jar;D:\apache-maven-3.6.1\mvn_resp\org\yaml\snakeyaml\1.27\snakeyaml-1.27.jar;D:\apache-maven-3.6.1\mvn_resp\org\springframework\boot\spring-boot-starter-test\2.4.5\spring-boot-starter-test-2.4.5.jar;D:\apache-maven-3.6.1\mvn_resp\org\springframework\boot\spring-boot-test\2.4.5\spring-boot-test-2.4.5.jar;D:\apache-maven-3.6.1\mvn_resp\org\springframework\boot\spring-boot-test-autoconfigure\2.4.5\spring-boot-test-autoconfigure-2.4.5.jar;D:\apache-maven-3.6.1\mvn_resp\com\jayway\jsonpath\json-path\2.4.0\json-path-2.4.0.jar;D:\apache-maven-3.6.1\mvn_resp\net\minidev\json-smart\2.3\json-smart-2.3.jar;D:\apache-maven-3.6.1\mvn_resp\net\minidev\accessors-smart\1.2\accessors-smart-1.2.jar;D:\apache-maven-3.6.1\mvn_resp\org\ow2\asm\asm\5.0.4\asm-5.0.4.jar;D:\apache-maven-3.6.1\mvn_resp\jakarta\xml\bind\jakarta.xml.bind-api\2.3.3\jakarta.xml.bind-api-2.3.3.jar;D:\apache-maven-3.6.1\mvn_resp\jakarta\activation\jakarta.activation-api\1.2.2\jakarta.activation-api-1.2.2.jar;D:\apache-maven-3.6.1\mvn_resp\org\assertj\assertj-core\3.18.1\assertj-core-3.18.1.jar;D:\apache-maven-3.6.1\mvn_resp\org\hamcrest\hamcrest\2.2\hamcrest-2.2.jar;D:\apache-maven-3.6.1\mvn_resp\org\junit\jupiter\junit-jupiter\5.7.1\junit-jupiter-5.7.1.jar;D:\apache-maven-3.6.1\mvn_resp\org\junit\jupiter\junit-jupiter-api\5.7.1\junit-jupiter-api-5.7.1.jar;D:\apache-maven-3.6.1\mvn_resp\org\apiguardian\apiguardian-api\1.1.0\apiguardian-api-1.1.0.jar;D:\apache-maven-3.6.1\mvn_resp\org\opentest4j\opentest4j\1.2.0\opentest4j-1.2.0.jar;D:\apache-maven-3.6.1\mvn_resp\org\junit\platform\junit-platform-commons\1.7.1\junit-platform-commons-1.7.1.jar;D:\apache-maven-3.6.1\mvn_resp\org\junit\jupiter\junit-jupiter-params\5.7.1\junit-jupiter-params-5.7.1.jar;D:\apache-maven-3.6.1\mvn_resp\org\junit\jupiter\junit-jupiter-engine\5.7.1\junit-jupiter-engine-5.7.1.jar;D:\apache-maven-3.6.1\mvn_resp\org\junit\platform\junit-platform-engine\1.7.1\junit-platform-engine-1.7.1.jar;D:\apache-maven-3.6.1\mvn_resp\org\mockito\mockito-core\3.6.28\mockito-core-3.6.28.jar;D:\apache-maven-3.6.1\mvn_resp\net\bytebuddy\byte-buddy\1.10.22\byte-buddy-1.10.22.jar;D:\apache-maven-3.6.1\mvn_resp\net\bytebuddy\byte-buddy-agent\1.10.22\byte-buddy-agent-1.10.22.jar;D:\apache-maven-3.6.1\mvn_resp\org\objenesis\objenesis\3.1\objenesis-3.1.jar;D:\apache-maven-3.6.1\mvn_resp\org\mockito\mockito-junit-jupiter\3.6.28\mockito-junit-jupiter-3.6.28.jar;D:\apache-maven-3.6.1\mvn_resp\org\skyscreamer\jsonassert\1.5.0\jsonassert-1.5.0.jar;D:\apache-maven-3.6.1\mvn_resp\com\vaadin\external\google\android-json\0.0.20131108.vaadin1\android-json-0.0.20131108.vaadin1.jar;D:\apache-maven-3.6.1\mvn_resp\org\springframework\spring-test\5.3.6\spring-test-5.3.6.jar;D:\apache-maven-3.6.1\mvn_resp\org\xmlunit\xmlunit-core\2.7.0\xmlunit-core-2.7.0.jar;D:\apache-maven-3.6.1\mvn_resp\org\springframework\boot\spring-boot-starter-web\2.4.5\spring-boot-starter-web-2.4.5.jar;D:\apache-maven-3.6.1\mvn_resp\org\springframework\boot\spring-boot-starter-json\2.4.5\spring-boot-starter-json-2.4.5.jar;D:\apache-maven-3.6.1\mvn_resp\com\fasterxml\jackson\core\jackson-databind\2.11.4\jackson-databind-2.11.4.jar;D:\apache-maven-3.6.1\mvn_resp\com\fasterxml\jackson\core\jackson-annotations\2.11.4\jackson-annotations-2.11.4.jar;D:\apache-maven-3.6.1\mvn_resp\com\fasterxml\jackson\core\jackson-core\2.11.4\jackson-core-2.11.4.jar;D:\apache-maven-3.6.1\mvn_resp\com\fasterxml\jackson\datatype\jackson-datatype-jdk8\2.11.4\jackson-datatype-jdk8-2.11.4.jar;D:\apache-maven-3.6.1\mvn_resp\com\fasterxml\jackson\datatype\jackson-datatype-jsr310\2.11.4\jackson-datatype-jsr310-2.11.4.jar;D:\apache-maven-3.6.1\mvn_resp\com\fasterxml\jackson\module\jackson-module-parameter-names\2.11.4\jackson-module-parameter-names-2.11.4.jar;D:\apache-maven-3.6.1\mvn_resp\org\springframework\boot\spring-boot-starter-tomcat\2.4.5\spring-boot-starter-tomcat-2.4.5.jar;D:\apache-maven-3.6.1\mvn_resp\org\apache\tomcat\embed\tomcat-embed-core\9.0.45\tomcat-embed-core-9.0.45.jar;D:\apache-maven-3.6.1\mvn_resp\org\glassfish\jakarta.el\3.0.3\jakarta.el-3.0.3.jar;D:\apache-maven-3.6.1\mvn_resp\org\apache\tomcat\embed\tomcat-embed-websocket\9.0.45\tomcat-embed-websocket-9.0.45.jar;D:\apache-maven-3.6.1\mvn_resp\org\springframework\spring-web\5.3.6\spring-web-5.3.6.jar;D:\apache-maven-3.6.1\mvn_resp\org\springframework\spring-webmvc\5.3.6\spring-webmvc-5.3.6.jar;D:\apache-maven-3.6.1\mvn_resp\org\springframework\spring-expression\5.3.6\spring-expression-5.3.6.jar;D:\apache-maven-3.6.1\mvn_resp\com\baomidou\mybatis-plus-boot-starter\3.4.2\mybatis-plus-boot-starter-3.4.2.jar;D:\apache-maven-3.6.1\mvn_resp\com\baomidou\mybatis-plus\3.4.2\mybatis-plus-3.4.2.jar;D:\apache-maven-3.6.1\mvn_resp\com\baomidou\mybatis-plus-extension\3.4.2\mybatis-plus-extension-3.4.2.jar;D:\apache-maven-3.6.1\mvn_resp\com\baomidou\mybatis-plus-core\3.4.2\mybatis-plus-core-3.4.2.jar;D:\apache-maven-3.6.1\mvn_resp\com\baomidou\mybatis-plus-annotation\3.4.2\mybatis-plus-annotation-3.4.2.jar;D:\apache-maven-3.6.1\mvn_resp\com\github\jsqlparser\jsqlparser\4.0\jsqlparser-4.0.jar;D:\apache-maven-3.6.1\mvn_resp\org\mybatis\mybatis\3.5.6\mybatis-3.5.6.jar;D:\apache-maven-3.6.1\mvn_resp\org\mybatis\mybatis-spring\2.0.5\mybatis-spring-2.0.5.jar;D:\apache-maven-3.6.1\mvn_resp\org\springframework\boot\spring-boot-starter-jdbc\2.4.5\spring-boot-starter-jdbc-2.4.5.jar;D:\apache-maven-3.6.1\mvn_resp\com\zaxxer\HikariCP\3.4.5\HikariCP-3.4.5.jar;D:\apache-maven-3.6.1\mvn_resp\org\springframework\spring-jdbc\5.3.6\spring-jdbc-5.3.6.jar;D:\apache-maven-3.6.1\mvn_resp\org\projectlombok\lombok\1.18.20\lombok-1.18.20.jar;D:\apache-maven-3.6.1\mvn_resp\com\alibaba\fastjson\1.2.76\fastjson-1.2.76.jar;D:\apache-maven-3.6.1\mvn_resp\commons-lang\commons-lang\2.6\commons-lang-2.6.jar;D:\apache-maven-3.6.1\mvn_resp\mysql\mysql-connector-java\8.0.23\mysql-connector-java-8.0.23.jar;D:\apache-maven-3.6.1\mvn_resp\com\alibaba\druid-spring-boot-starter\1.1.23\druid-spring-boot-starter-1.1.23.jar;D:\apache-maven-3.6.1\mvn_resp\com\alibaba\druid\1.1.23\druid-1.1.23.jar;D:\apache-maven-3.6.1\mvn_resp\org\slf4j\slf4j-api\1.7.30\slf4j-api-1.7.30.jar;"/>
    <property name="sun.cpu.endian" value="little"/>
    <property name="user.home" value="C:\Users\hp"/>
    <property name="user.language" value="zh"/>
    <property name="java.specification.vendor" value="Oracle Corporation"/>
    <property name="java.home" value="C:\Program Files\Java\jdk1.8.0_321\jre"/>
    <property name="basedir" value="D:\workspace\reggie_take_out"/>
    <property name="file.separator" value="\"/>
    <property name="line.separator" value="&#10;"/>
    <property name="java.vm.specification.vendor" value="Oracle Corporation"/>
    <property name="java.specification.name" value="Java Platform API Specification"/>
    <property name="java.awt.graphicsenv" value="sun.awt.Win32GraphicsEnvironment"/>
    <property name="surefire.real.class.path" value="C:\Users\hp\AppData\Local\Temp\surefire7425590200501141749\surefirebooter3425821425749898581.jar"/>
    <property name="sun.boot.class.path" value="C:\Program Files\Java\jdk1.8.0_321\jre\lib\resources.jar;C:\Program Files\Java\jdk1.8.0_321\jre\lib\rt.jar;C:\Program Files\Java\jdk1.8.0_321\jre\lib\sunrsasign.jar;C:\Program Files\Java\jdk1.8.0_321\jre\lib\jsse.jar;C:\Program Files\Java\jdk1.8.0_321\jre\lib\jce.jar;C:\Program Files\Java\jdk1.8.0_321\jre\lib\charsets.jar;C:\Program Files\Java\jdk1.8.0_321\jre\lib\jfr.jar;C:\Program Files\Java\jdk1.8.0_321\jre\classes"/>
    <property name="user.script" value=""/>
    <property name="sun.management.compiler" value="HotSpot 64-Bit Tiered Compilers"/>
    <property name="java.runtime.version" value="1.8.0_321-b07"/>
    <property name="user.name" value="hp"/>
    <property name="path.separator" value=";"/>
    <property name="os.version" value="10.0"/>
    <property name="java.endorsed.dirs" value="C:\Program Files\Java\jdk1.8.0_321\jre\lib\endorsed"/>
    <property name="java.runtime.name" value="Java(TM) SE Runtime Environment"/>
    <property name="file.encoding" value="GBK"/>
    <property name="java.vm.name" value="Java HotSpot(TM) 64-Bit Server VM"/>
    <property name="localRepository" value="D:\apache-maven-3.6.1\mvn_resp"/>
    <property name="java.vendor.url.bug" value="http://bugreport.sun.com/bugreport/"/>
    <property name="java.io.tmpdir" value="C:\Users\hp\AppData\Local\Temp\"/>
    <property name="idea.version" value="2021.2.3"/>
    <property name="java.version" value="1.8.0_321"/>
    <property name="user.dir" value="D:\workspace\reggie_take_out"/>
    <property name="os.arch" value="amd64"/>
    <property name="java.vm.specification.name" value="Java Virtual Machine Specification"/>
    <property name="java.awt.printerjob" value="sun.awt.windows.WPrinterJob"/>
    <property name="sun.os.patch.level" value=""/>
    <property name="java.library.path" value="C:\Program Files\Java\jdk1.8.0_321\jre\bin;C:\windows\Sun\Java\bin;C:\windows\system32;C:\windows;D:\apache-maven-3.6.1\bin;C:\Program Files\Java\jdk1.8.0_321\bin;C:\Program Files\Java\jdk1.8.0_321\jre\bin;C:\Program Files\Common Files\Oracle\Java\javapath;C:\Program Files (x86)\Common Files\Oracle\Java\javapath;C:\windows\system32;C:\windows;C:\windows\System32\Wbem;C:\windows\System32\WindowsPowerShell\v1.0\;C:\windows\System32\OpenSSH\;C:\Program Files (x86)\NVIDIA Corporation\PhysX\Common;C:\Program Files\NVIDIA Corporation\NVIDIA NvDLISR;C:\Program Files\Git\cmd;C:\Program Files\TortoiseGit\bin;C:\Program Files\nodejs\;D:\apache-tomcat-8.5.68\bin;C:\AppServ\MySQL\bin;D:\Redis\;D:\erl-24.2\bin;C:\Users\hp\AppData\Local\Microsoft\WindowsApps;C:\Program Files\Bandizip\;C:\Users\hp\AppData\Local\Programs\Microsoft VS Code\bin;C:\Users\hp\AppData\Roaming\npm;C:\AppServ\Apache24\bin;C:\AppServ\php7;C:\AppServ\MySQL\bin;."/>
    <property name="java.vm.info" value="mixed mode"/>
    <property name="java.vendor" value="Oracle Corporation"/>
    <property name="java.vm.version" value="25.321-b07"/>
    <property name="java.ext.dirs" value="C:\Program Files\Java\jdk1.8.0_321\jre\lib\ext;C:\windows\Sun\Java\lib\ext"/>
    <property name="sun.io.unicode.encoding" value="UnicodeLittle"/>
    <property name="java.class.version" value="52.0"/>
  </properties>
  <testcase name="test1" classname="com.itheima.UploadFileTest" time="0.032"/>
</testsuite>